<?xml version="1.0" encoding="UTF-8"?>
<testng-results skipped="0" failed="1" ignored="0" total="3" passed="2">
  <reporter-output>
  </reporter-output>
  <suite name="Surefire suite" duration-ms="33158" started-at="2022-11-30T20:46:41 EET" finished-at="2022-11-30T20:47:14 EET">
    <groups>
    </groups>
    <test name="Surefire test" duration-ms="33158" started-at="2022-11-30T20:46:41 EET" finished-at="2022-11-30T20:47:14 EET">
      <class name="org.selenium.pom.tests.HomePageTest">
        <test-method status="PASS" signature="setup()[pri:0, instance:org.selenium.pom.tests.HomePageTest@5fdcaa40]" name="setup" is-config="true" duration-ms="7436" started-at="2022-11-30T20:46:41 EET" finished-at="2022-11-30T20:46:49 EET">
          <reporter-output>
          </reporter-output>
        </test-method> <!-- setup -->
        <test-method status="PASS" signature="test_verification_home_page()[pri:0, instance:org.selenium.pom.tests.HomePageTest@5fdcaa40]" name="test_verification_home_page" duration-ms="740" started-at="2022-11-30T20:46:49 EET" finished-at="2022-11-30T20:46:49 EET">
          <reporter-output>
          </reporter-output>
        </test-method> <!-- test_verification_home_page -->
        <test-method status="PASS" signature="tearDown()[pri:0, instance:org.selenium.pom.tests.HomePageTest@5fdcaa40]" name="tearDown" is-config="true" duration-ms="1" started-at="2022-11-30T20:46:50 EET" finished-at="2022-11-30T20:46:50 EET">
          <reporter-output>
          </reporter-output>
        </test-method> <!-- tearDown -->
      </class> <!-- org.selenium.pom.tests.HomePageTest -->
      <class name="org.selenium.pom.tests.ProductPageTest">
        <test-method status="PASS" signature="setup()[pri:0, instance:org.selenium.pom.tests.ProductPageTest@158da8e]" name="setup" is-config="true" duration-ms="4063" started-at="2022-11-30T20:47:01 EET" finished-at="2022-11-30T20:47:05 EET">
          <reporter-output>
          </reporter-output>
        </test-method> <!-- setup -->
        <test-method status="FAIL" signature="test_verification_product_page()[pri:0, instance:org.selenium.pom.tests.ProductPageTest@158da8e]" name="test_verification_product_page" duration-ms="9801" started-at="2022-11-30T20:47:05 EET" finished-at="2022-11-30T20:47:14 EET">
          <exception class="org.openqa.selenium.NoSuchElementException">
            <message>
              <![CDATA[Unable to find element with locator By.xpath: //div[@data-fragment-name='MarketingBoutiqueList']
For documentation on this error, please visit: https://selenium.dev/exceptions/#no_such_element
Build info: version: '4.5.3', revision: '4b786a1e430'
System info: os.name: 'Windows 10', os.arch: 'amd64', os.version: '10.0', java.version: '1.8.0_341'
Driver info: driver.version: RemoteWebDriver]]>
            </message>
            <full-stacktrace>
              <![CDATA[org.openqa.selenium.NoSuchElementException: Unable to find element with locator By.xpath: //div[@data-fragment-name='MarketingBoutiqueList']
For documentation on this error, please visit: https://selenium.dev/exceptions/#no_such_element
Build info: version: '4.5.3', revision: '4b786a1e430'
System info: os.name: 'Windows 10', os.arch: 'amd64', os.version: '10.0', java.version: '1.8.0_341'
Driver info: driver.version: RemoteWebDriver
at org.openqa.selenium.remote.ElementLocation$ElementFinder$2.findElement(ElementLocation.java:165)
at org.openqa.selenium.remote.ElementLocation.findElement(ElementLocation.java:60)
at org.openqa.selenium.remote.RemoteWebDriver.findElement(RemoteWebDriver.java:365)
at org.openqa.selenium.remote.RemoteWebDriver.findElement(RemoteWebDriver.java:357)
at org.openqa.selenium.support.pagefactory.DefaultElementLocator.findElement(DefaultElementLocator.java:70)
at org.openqa.selenium.support.pagefactory.internal.LocatingElementHandler.invoke(LocatingElementHandler.java:39)
at com.sun.proxy.$Proxy18.isDisplayed(Unknown Source)
at org.selenium.pom.pages.HomePage.home_page_marketing_list_check(HomePage.java:50)
at org.selenium.pom.tests.ProductPageTest.test_verification_product_page(ProductPageTest.java:20)
at sun.reflect.NativeMethodAccessorImpl.invoke0(Native Method)
at sun.reflect.NativeMethodAccessorImpl.invoke(NativeMethodAccessorImpl.java:62)
at sun.reflect.DelegatingMethodAccessorImpl.invoke(DelegatingMethodAccessorImpl.java:43)
at java.lang.reflect.Method.invoke(Method.java:498)
at org.testng.internal.invokers.MethodInvocationHelper.invokeMethod(MethodInvocationHelper.java:135)
at org.testng.internal.invokers.TestInvoker.invokeMethod(TestInvoker.java:673)
at org.testng.internal.invokers.TestInvoker.invokeTestMethod(TestInvoker.java:220)
at org.testng.internal.invokers.MethodRunner.runInSequence(MethodRunner.java:50)
at org.testng.internal.invokers.TestInvoker$MethodInvocationAgent.invoke(TestInvoker.java:945)
at org.testng.internal.invokers.TestInvoker.invokeTestMethods(TestInvoker.java:193)
at org.testng.internal.invokers.TestMethodWorker.invokeTestMethods(TestMethodWorker.java:146)
at org.testng.internal.invokers.TestMethodWorker.run(TestMethodWorker.java:128)
at java.util.ArrayList.forEach(ArrayList.java:1259)
at org.testng.TestRunner.privateRun(TestRunner.java:808)
at org.testng.TestRunner.run(TestRunner.java:603)
at org.testng.SuiteRunner.runTest(SuiteRunner.java:429)
at org.testng.SuiteRunner.runSequentially(SuiteRunner.java:423)
at org.testng.SuiteRunner.privateRun(SuiteRunner.java:383)
at org.testng.SuiteRunner.run(SuiteRunner.java:326)
at org.testng.SuiteRunnerWorker.runSuite(SuiteRunnerWorker.java:52)
at org.testng.SuiteRunnerWorker.run(SuiteRunnerWorker.java:95)
at org.testng.TestNG.runSuitesSequentially(TestNG.java:1249)
at org.testng.TestNG.runSuitesLocally(TestNG.java:1169)
at org.testng.TestNG.runSuites(TestNG.java:1092)
at org.testng.TestNG.run(TestNG.java:1060)
at org.apache.maven.surefire.testng.TestNGExecutor.run(TestNGExecutor.java:151)
at org.apache.maven.surefire.testng.TestNGDirectoryTestSuite.executeMulti(TestNGDirectoryTestSuite.java:192)
at org.apache.maven.surefire.testng.TestNGDirectoryTestSuite.execute(TestNGDirectoryTestSuite.java:93)
at org.apache.maven.surefire.testng.TestNGProvider.invoke(TestNGProvider.java:155)
at org.apache.maven.surefire.booter.ForkedBooter.runSuitesInProcess(ForkedBooter.java:456)
at org.apache.maven.surefire.booter.ForkedBooter.execute(ForkedBooter.java:169)
at org.apache.maven.surefire.booter.ForkedBooter.run(ForkedBooter.java:595)
at org.apache.maven.surefire.booter.ForkedBooter.main(ForkedBooter.java:581)
]]>
            </full-stacktrace>
          </exception> <!-- org.openqa.selenium.NoSuchElementException -->
          <reporter-output>
          </reporter-output>
        </test-method> <!-- test_verification_product_page -->
        <test-method status="PASS" signature="tearDown()[pri:0, instance:org.selenium.pom.tests.ProductPageTest@158da8e]" name="tearDown" is-config="true" duration-ms="0" started-at="2022-11-30T20:47:14 EET" finished-at="2022-11-30T20:47:14 EET">
          <reporter-output>
          </reporter-output>
        </test-method> <!-- tearDown -->
      </class> <!-- org.selenium.pom.tests.ProductPageTest -->
      <class name="org.selenium.pom.tests.MyAccountPageTest">
        <test-method status="PASS" signature="setup()[pri:0, instance:org.selenium.pom.tests.MyAccountPageTest@6aba2b86]" name="setup" is-config="true" duration-ms="3595" started-at="2022-11-30T20:46:50 EET" finished-at="2022-11-30T20:46:53 EET">
          <reporter-output>
          </reporter-output>
        </test-method> <!-- setup -->
        <test-method status="PASS" signature="test_verification_my_account_page()[pri:0, instance:org.selenium.pom.tests.MyAccountPageTest@6aba2b86]" name="test_verification_my_account_page" duration-ms="7390" started-at="2022-11-30T20:46:53 EET" finished-at="2022-11-30T20:47:01 EET">
          <reporter-output>
          </reporter-output>
        </test-method> <!-- test_verification_my_account_page -->
        <test-method status="PASS" signature="tearDown()[pri:0, instance:org.selenium.pom.tests.MyAccountPageTest@6aba2b86]" name="tearDown" is-config="true" duration-ms="0" started-at="2022-11-30T20:47:01 EET" finished-at="2022-11-30T20:47:01 EET">
          <reporter-output>
          </reporter-output>
        </test-method> <!-- tearDown -->
      </class> <!-- org.selenium.pom.tests.MyAccountPageTest -->
    </test> <!-- Surefire test -->
  </suite> <!-- Surefire suite -->
</testng-results>
